<?xml version="1.0" encoding="UTF-8"?>
<testng-results skipped="0" failed="0" ignored="0" total="1" passed="1">
  <reporter-output>
  </reporter-output>
  <suite name="Default suite" duration-ms="45047" started-at="2019-11-16T17:24:50Z" finished-at="2019-11-16T17:25:35Z">
    <groups>
    </groups>
    <test name="Default test" duration-ms="45047" started-at="2019-11-16T17:24:50Z" finished-at="2019-11-16T17:25:35Z">
      <class name="visualAITests.TableSortTest">
        <test-method status="PASS" signature="startUp()[pri:0, instance:visualAITests.TableSortTest@42dafa95]" name="startUp" is-config="true" duration-ms="6882" started-at="2019-11-16T18:24:50Z" finished-at="2019-11-16T18:24:57Z">
          <reporter-output>
          </reporter-output>
        </test-method> <!-- startUp -->
        <test-method status="PASS" signature="validateAmountColumnIsInAscendingOrder()[pri:1, instance:visualAITests.TableSortTest@42dafa95]" name="validateAmountColumnIsInAscendingOrder" duration-ms="36611" started-at="2019-11-16T18:24:57Z" finished-at="2019-11-16T18:25:34Z">
          <reporter-output>
          </reporter-output>
        </test-method> <!-- validateAmountColumnIsInAscendingOrder -->
        <test-method status="PASS" signature="shutDown()[pri:0, instance:visualAITests.TableSortTest@42dafa95]" name="shutDown" is-config="true" duration-ms="1529" started-at="2019-11-16T18:25:34Z" finished-at="2019-11-16T18:25:35Z">
          <reporter-output>
          </reporter-output>
        </test-method> <!-- shutDown -->
      </class> <!-- visualAITests.TableSortTest -->
    </test> <!-- Default test -->
  </suite> <!-- Default suite -->
</testng-results>
